[TRACE] 02:35:14:759 RAM-HQ/(22656:22656): Creado el servidor
[TRACE] 02:35:38:762 RAM-HQ/(22718:22718): Creado el servidor
[TRACE] 02:36:16:664 RAM-HQ/(22835:22835): 1
[TRACE] 02:36:16:664 RAM-HQ/(22835:22835): 2
[TRACE] 02:36:16:664 RAM-HQ/(22835:22835): 3
[TRACE] 02:36:16:664 RAM-HQ/(22835:22835): Creado el servidor
[TRACE] 02:36:28:306 RAM-HQ/(22885:22885): 1
[TRACE] 02:36:28:306 RAM-HQ/(22885:22885): 2
[TRACE] 02:36:28:306 RAM-HQ/(22885:22885): 3
[TRACE] 02:36:28:306 RAM-HQ/(22885:22885): Creado el servidor
[TRACE] 02:37:06:048 RAM-HQ/(22989:22989): 1
[TRACE] 02:37:06:048 RAM-HQ/(22989:22989): 2
[TRACE] 02:37:06:048 RAM-HQ/(22989:22989): 3
[TRACE] 02:37:06:048 RAM-HQ/(22989:22989): Creado el servidor
[TRACE] 02:37:21:361 RAM-HQ/(23064:23064): 1
[TRACE] 02:37:21:361 RAM-HQ/(23064:23064): 2
[TRACE] 02:37:21:361 RAM-HQ/(23064:23064): 3
[TRACE] 02:37:21:361 RAM-HQ/(23064:23064): Creado el servidor
[TRACE] 02:38:39:304 RAM-HQ/(23295:23295): 1
[TRACE] 02:38:39:305 RAM-HQ/(23295:23295): Creado el servidor
[TRACE] 02:41:43:740 RAM-HQ/(24209:24209): 1
[TRACE] 02:41:43:740 RAM-HQ/(24209:24209): Creado el servidor
[WARNING] 02:41:47:096 RAM-HQ/(24209:24210): Se creo el hilo [0] pendiente para destruir
[INFO] 02:41:47:096 RAM-HQ/(24209:24222): Recibimos un handshake, es el planificador
[WARNING] 02:41:47:098 RAM-HQ/(24209:24222): No escuchamos mas mensajes, Socket: 5
[TRACE] 02:41:52:608 RAM-HQ/(24209:24210): Se desconectara el planificador
[TRACE] 02:41:52:609 RAM-HQ/(24209:24209): Cerramos todos los threads del planificador que no hayan terminado
[TRACE] 02:41:52:609 RAM-HQ/(24209:24209): Cerrado los threads y sockets
[TRACE] 20:42:45:707 RAM-HQ/(27614:27614): Creado el servidor
[WARNING] 20:42:48:361 RAM-HQ/(27614:27615): Se creo el hilo [0] pendiente para destruir
[INFO] 20:42:48:361 RAM-HQ/(27614:27627): Recibimos un handshake, es el planificador
[WARNING] 20:42:48:362 RAM-HQ/(27614:27627): No escuchamos mas mensajes, Socket: 5
[TRACE] 20:44:24:725 RAM-HQ/(27614:27615): Se desconectara el planificador
[TRACE] 20:44:24:725 RAM-HQ/(27614:27614): Cerramos todos los threads del planificador que no hayan terminado
[TRACE] 20:44:24:725 RAM-HQ/(27614:27614): Cerrado los threads y sockets
[TRACE] 15:19:43:691 RAM-HQ/(9279:9279): Creado el servidor
